j:\综创3\workspace\mfccalculator\mfccalculator\debug\mfccalculator.pch
j:\综创3\workspace\mfccalculator\mfccalculator\debug\vc120.pdb
j:\综创3\workspace\mfccalculator\mfccalculator\debug\vc120.idb
j:\综创3\workspace\mfccalculator\mfccalculator\debug\stdafx.obj
j:\综创3\workspace\mfccalculator\mfccalculator\debug\mfccalculator.obj
j:\综创3\workspace\mfccalculator\mfccalculator\debug\mfccalculatordlg.obj
j:\综创3\workspace\mfccalculator\mfccalculator\debug\myedit.obj
j:\综创3\workspace\mfccalculator\debug\mfccalculator.ilk
j:\综创3\workspace\mfccalculator\debug\mfccalculator.exe
j:\综创3\workspace\mfccalculator\debug\mfccalculator.pdb
j:\综创3\workspace\mfccalculator\mfccalculator\debug\mfccalculator.res
j:\综创3\workspace\mfccalculator\mfccalculator\debug\mfccalculator.tlog\cl.command.1.tlog
j:\综创3\workspace\mfccalculator\mfccalculator\debug\mfccalculator.tlog\cl.read.1.tlog
j:\综创3\workspace\mfccalculator\mfccalculator\debug\mfccalculator.tlog\cl.write.1.tlog
j:\综创3\workspace\mfccalculator\mfccalculator\debug\mfccalculator.tlog\link.command.1.tlog
j:\综创3\workspace\mfccalculator\mfccalculator\debug\mfccalculator.tlog\link.read.1.tlog
j:\综创3\workspace\mfccalculator\mfccalculator\debug\mfccalculator.tlog\link.write.1.tlog
j:\综创3\workspace\mfccalculator\mfccalculator\debug\mfccalculator.tlog\rc.command.1.tlog
j:\综创3\workspace\mfccalculator\mfccalculator\debug\mfccalculator.tlog\rc.read.1.tlog
j:\综创3\workspace\mfccalculator\mfccalculator\debug\mfccalculator.tlog\rc.write.1.tlog
